{"numTotalTestSuites":110,"numPassedTestSuites":93,"numFailedTestSuites":17,"numPendingTestSuites":0,"numTotalTests":320,"numPassedTests":253,"numFailedTests":67,"numPendingTests":0,"numTodoTests":0,"snapshot":{"added":0,"failure":false,"filesAdded":0,"filesRemoved":0,"filesRemovedList":[],"filesUnmatched":0,"filesUpdated":0,"matched":0,"total":0,"unchecked":0,"uncheckedKeysByFile":[],"unmatched":0,"updated":0,"didUpdate":false},"startTime":1759666876292,"success":false,"testResults":[{"assertionResults":[{"ancestorTitles":["booking-utils","getServiceDuration"],"fullName":"booking-utils getServiceDuration should return 240 minutes for cleaning-deep","status":"passed","title":"should return 240 minutes for cleaning-deep","duration":2.6313000000009197,"failureMessages":[],"meta":{}},{"ancestorTitles":["booking-utils","getServiceDuration"],"fullName":"booking-utils getServiceDuration should return 120 minutes for cleaning-regular","status":"passed","title":"should return 120 minutes for cleaning-regular","duration":0.4519000000000233,"failureMessages":[],"meta":{}},{"ancestorTitles":["booking-utils","getServiceDuration"],"fullName":"booking-utils getServiceDuration should return 60 minutes for training-individual","status":"passed","title":"should return 60 minutes for training-individual","duration":0.5702999999994063,"failureMessages":[],"meta":{}},{"ancestorTitles":["booking-utils","getServiceDuration"],"fullName":"booking-utils getServiceDuration should return 180 minutes for training-corporate","status":"passed","title":"should return 180 minutes for training-corporate","duration":0.34289999999964493,"failureMessages":[],"meta":{}},{"ancestorTitles":["booking-utils","getServiceDuration"],"fullName":"booking-utils getServiceDuration should return default 120 minutes for unknown service","status":"passed","title":"should return default 120 minutes for unknown service","duration":0.21339999999872816,"failureMessages":[],"meta":{}},{"ancestorTitles":["booking-utils","getServiceName"],"fullName":"booking-utils getServiceName should return correct Thai name for cleaning-deep","status":"passed","title":"should return correct Thai name for cleaning-deep","duration":0.28369999999995343,"failureMessages":[],"meta":{}},{"ancestorTitles":["booking-utils","getServiceName"],"fullName":"booking-utils getServiceName should return correct Thai name for cleaning-regular","status":"passed","title":"should return correct Thai name for cleaning-regular","duration":0.20309999999881256,"failureMessages":[],"meta":{}},{"ancestorTitles":["booking-utils","getServiceName"],"fullName":"booking-utils getServiceName should return correct Thai name for training-individual","status":"passed","title":"should return correct Thai name for training-individual","duration":0.15750000000116415,"failureMessages":[],"meta":{}},{"ancestorTitles":["booking-utils","getServiceName"],"fullName":"booking-utils getServiceName should return correct Thai name for training-corporate","status":"passed","title":"should return correct Thai name for training-corporate","duration":0.30650000000059663,"failureMessages":[],"meta":{}},{"ancestorTitles":["booking-utils","getServiceName"],"fullName":"booking-utils getServiceName should return default \"บริการ\" for unknown service","status":"passed","title":"should return default \"บริการ\" for unknown service","duration":0.2515000000003056,"failureMessages":[],"meta":{}},{"ancestorTitles":["booking-utils","getRequiredSkills"],"fullName":"booking-utils getRequiredSkills should return correct skills for cleaning-deep","status":"passed","title":"should return correct skills for cleaning-deep","duration":0.8783000000003085,"failureMessages":[],"meta":{}},{"ancestorTitles":["booking-utils","getRequiredSkills"],"fullName":"booking-utils getRequiredSkills should return correct skills for cleaning-regular","status":"passed","title":"should return correct skills for cleaning-regular","duration":0.19219999999950232,"failureMessages":[],"meta":{}},{"ancestorTitles":["booking-utils","getRequiredSkills"],"fullName":"booking-utils getRequiredSkills should return correct skills for training-individual","status":"passed","title":"should return correct skills for training-individual","duration":0.3544999999994616,"failureMessages":[],"meta":{}},{"ancestorTitles":["booking-utils","getRequiredSkills"],"fullName":"booking-utils getRequiredSkills should return correct skills for training-corporate","status":"passed","title":"should return correct skills for training-corporate","duration":0.6273000000001048,"failureMessages":[],"meta":{}},{"ancestorTitles":["booking-utils","getRequiredSkills"],"fullName":"booking-utils getRequiredSkills should return empty array for unknown service","status":"passed","title":"should return empty array for unknown service","duration":0.3350000000009459,"failureMessages":[],"meta":{}},{"ancestorTitles":["booking-utils","calculateEndTime"],"fullName":"booking-utils calculateEndTime should calculate end time correctly for 2 hours","status":"passed","title":"should calculate end time correctly for 2 hours","duration":0.352999999999156,"failureMessages":[],"meta":{}},{"ancestorTitles":["booking-utils","calculateEndTime"],"fullName":"booking-utils calculateEndTime should calculate end time correctly for 4 hours","status":"passed","title":"should calculate end time correctly for 4 hours","duration":0.18809999999939464,"failureMessages":[],"meta":{}},{"ancestorTitles":["booking-utils","calculateEndTime"],"fullName":"booking-utils calculateEndTime should calculate end time correctly for 1 hour","status":"passed","title":"should calculate end time correctly for 1 hour","duration":0.21390000000064902,"failureMessages":[],"meta":{}},{"ancestorTitles":["booking-utils","calculateEndTime"],"fullName":"booking-utils calculateEndTime should calculate end time correctly for 3 hours","status":"passed","title":"should calculate end time correctly for 3 hours","duration":0.17640000000028522,"failureMessages":[],"meta":{}},{"ancestorTitles":["booking-utils","calculateEndTime"],"fullName":"booking-utils calculateEndTime should handle time across midnight","status":"passed","title":"should handle time across midnight","duration":0.3047999999998865,"failureMessages":[],"meta":{}},{"ancestorTitles":["booking-utils","calculateEndTime"],"fullName":"booking-utils calculateEndTime should handle 30-minute increments","status":"passed","title":"should handle 30-minute increments","duration":0.22370000000046275,"failureMessages":[],"meta":{}},{"ancestorTitles":["booking-utils","calculateEndTime"],"fullName":"booking-utils calculateEndTime should pad single-digit hours and minutes with zeros","status":"passed","title":"should pad single-digit hours and minutes with zeros","duration":0.20730000000003201,"failureMessages":[],"meta":{}},{"ancestorTitles":["booking-utils","generateBookingId"],"fullName":"booking-utils generateBookingId should generate a booking ID with BOOK- prefix","status":"passed","title":"should generate a booking ID with BOOK- prefix","duration":0.4194000000006781,"failureMessages":[],"meta":{}},{"ancestorTitles":["booking-utils","generateBookingId"],"fullName":"booking-utils generateBookingId should generate uppercase IDs","status":"passed","title":"should generate uppercase IDs","duration":0.20459999999911815,"failureMessages":[],"meta":{}},{"ancestorTitles":["booking-utils","generateBookingId"],"fullName":"booking-utils generateBookingId should generate unique IDs","status":"passed","title":"should generate unique IDs","duration":0.47250000000167347,"failureMessages":[],"meta":{}},{"ancestorTitles":["booking-utils","generateBookingId"],"fullName":"booking-utils generateBookingId should generate IDs with correct format (BOOK-{timestamp}-{random})","status":"passed","title":"should generate IDs with correct format (BOOK-{timestamp}-{random})","duration":1.4447999999993044,"failureMessages":[],"meta":{}},{"ancestorTitles":["booking-utils","calculateNextAvailableDate"],"fullName":"booking-utils calculateNextAvailableDate should return next week same day for future date","status":"passed","title":"should return next week same day for future date","duration":0.5442000000002736,"failureMessages":[],"meta":{}},{"ancestorTitles":["booking-utils","calculateNextAvailableDate"],"fullName":"booking-utils calculateNextAvailableDate should return next week from today for past date","status":"passed","title":"should return next week from today for past date","duration":0.3541000000004715,"failureMessages":[],"meta":{}},{"ancestorTitles":["booking-utils","calculateNextAvailableDate"],"fullName":"booking-utils calculateNextAvailableDate should handle ISO date format correctly","status":"passed","title":"should handle ISO date format correctly","duration":0.14730000000054133,"failureMessages":[],"meta":{}},{"ancestorTitles":["booking-utils","calculateNextAvailableDate"],"fullName":"booking-utils calculateNextAvailableDate should add 7 days to future dates","status":"passed","title":"should add 7 days to future dates","duration":0.14470000000073924,"failureMessages":[],"meta":{}},{"ancestorTitles":["booking-utils","getTomorrowDate"],"fullName":"booking-utils getTomorrowDate should return date in yyyy-MM-dd format","status":"passed","title":"should return date in yyyy-MM-dd format","duration":0.25679999999920256,"failureMessages":[],"meta":{}},{"ancestorTitles":["booking-utils","getTomorrowDate"],"fullName":"booking-utils getTomorrowDate should be one day ahead of today","status":"passed","title":"should be one day ahead of today","duration":0.19319999999970605,"failureMessages":[],"meta":{}},{"ancestorTitles":["booking-utils","getTomorrowDate"],"fullName":"booking-utils getTomorrowDate should be consistent across multiple calls within same day","status":"passed","title":"should be consistent across multiple calls within same day","duration":0.18559999999888532,"failureMessages":[],"meta":{}}],"startTime":1759666898937,"endTime":1759666898952.2568,"status":"passed","message":"","name":"C:/Tinedy system/tinedy-app/lib/utils/booking-utils.test.ts"},{"assertionResults":[],"startTime":1759666876292,"endTime":1759666876292,"status":"failed","message":"[vitest] There was an error when mocking a module. If you are using \"vi.mock\" factory, make sure there are no top level variables inside, since this call is hoisted to top of the file. Read more: https://vitest.dev/api/vi.html#vi-mock","name":"C:/Tinedy system/tinedy-app/__tests__/integration/booking-duplicate.test.ts"},{"assertionResults":[{"ancestorTitles":["Booking Cancellation Flow (Simple Integration)","Complete Flow Simulation"],"fullName":"Booking Cancellation Flow (Simple Integration) Complete Flow Simulation should handle full cancellation flow with all steps","status":"passed","title":"should handle full cancellation flow with all steps","duration":3.5560000000004948,"failureMessages":[],"meta":{}},{"ancestorTitles":["Booking Cancellation Flow (Simple Integration)","Complete Flow Simulation"],"fullName":"Booking Cancellation Flow (Simple Integration) Complete Flow Simulation should create status history entry during cancellation","status":"passed","title":"should create status history entry during cancellation","duration":0.8304999999991196,"failureMessages":[],"meta":{}},{"ancestorTitles":["Booking Cancellation Flow (Simple Integration)","Complete Flow Simulation"],"fullName":"Booking Cancellation Flow (Simple Integration) Complete Flow Simulation should preserve original assignment in history","status":"passed","title":"should preserve original assignment in history","duration":2.2942000000002736,"failureMessages":[],"meta":{}},{"ancestorTitles":["Booking Cancellation Flow (Simple Integration)","RBAC Integration"],"fullName":"Booking Cancellation Flow (Simple Integration) RBAC Integration should validate user role before allowing cancellation","status":"passed","title":"should validate user role before allowing cancellation","duration":0.40650000000005093,"failureMessages":[],"meta":{}},{"ancestorTitles":["Booking Cancellation Flow (Simple Integration)","RBAC Integration"],"fullName":"Booking Cancellation Flow (Simple Integration) RBAC Integration should reject cancellation from unauthorized roles","status":"passed","title":"should reject cancellation from unauthorized roles","duration":0.2743000000000393,"failureMessages":[],"meta":{}},{"ancestorTitles":["Booking Cancellation Flow (Simple Integration)","RBAC Integration"],"fullName":"Booking Cancellation Flow (Simple Integration) RBAC Integration should log authorization check","status":"passed","title":"should log authorization check","duration":0.4827000000004773,"failureMessages":[],"meta":{}},{"ancestorTitles":["Booking Cancellation Flow (Simple Integration)","Staff Notification Flow"],"fullName":"Booking Cancellation Flow (Simple Integration) Staff Notification Flow should queue notification for assigned staff","status":"passed","title":"should queue notification for assigned staff","duration":0.5329000000001543,"failureMessages":[],"meta":{}},{"ancestorTitles":["Booking Cancellation Flow (Simple Integration)","Staff Notification Flow"],"fullName":"Booking Cancellation Flow (Simple Integration) Staff Notification Flow should not queue notification if no staff assigned","status":"passed","title":"should not queue notification if no staff assigned","duration":0.3503000000000611,"failureMessages":[],"meta":{}},{"ancestorTitles":["Booking Cancellation Flow (Simple Integration)","Data Consistency Checks"],"fullName":"Booking Cancellation Flow (Simple Integration) Data Consistency Checks should maintain referential integrity","status":"passed","title":"should maintain referential integrity","duration":0.4411000000000058,"failureMessages":[],"meta":{}},{"ancestorTitles":["Booking Cancellation Flow (Simple Integration)","Data Consistency Checks"],"fullName":"Booking Cancellation Flow (Simple Integration) Data Consistency Checks should update related entities atomically","status":"passed","title":"should update related entities atomically","duration":0.39239999999972497,"failureMessages":[],"meta":{}},{"ancestorTitles":["Booking Cancellation Flow (Simple Integration)","Error Handling"],"fullName":"Booking Cancellation Flow (Simple Integration) Error Handling should handle missing booking gracefully","status":"passed","title":"should handle missing booking gracefully","duration":0.21860000000015134,"failureMessages":[],"meta":{}},{"ancestorTitles":["Booking Cancellation Flow (Simple Integration)","Error Handling"],"fullName":"Booking Cancellation Flow (Simple Integration) Error Handling should validate terminal status","status":"passed","title":"should validate terminal status","duration":0.20210000000042783,"failureMessages":[],"meta":{}},{"ancestorTitles":["Booking Cancellation Flow (Simple Integration)","Error Handling"],"fullName":"Booking Cancellation Flow (Simple Integration) Error Handling should rollback on error","status":"passed","title":"should rollback on error","duration":0.269800000000032,"failureMessages":[],"meta":{}},{"ancestorTitles":["Booking Cancellation Flow (Simple Integration)","Audit Trail"],"fullName":"Booking Cancellation Flow (Simple Integration) Audit Trail should record all cancellation steps","status":"passed","title":"should record all cancellation steps","duration":0.9646000000002459,"failureMessages":[],"meta":{}},{"ancestorTitles":["Booking Cancellation Flow (Simple Integration)","Audit Trail"],"fullName":"Booking Cancellation Flow (Simple Integration) Audit Trail should be immutable after creation","status":"passed","title":"should be immutable after creation","duration":1.3333999999995285,"failureMessages":[],"meta":{}}],"startTime":1759666893829,"endTime":1759666893842.3335,"status":"passed","message":"","name":"C:/Tinedy system/tinedy-app/__tests__/integration/booking-flow-simple.test.ts"},{"assertionResults":[{"ancestorTitles":["Booking Status API Integration Tests","Authentication & Authorization Flow"],"fullName":"Booking Status API Integration Tests Authentication & Authorization Flow should simulate authentication check for status update","status":"passed","title":"should simulate authentication check for status update","duration":3.1988000000001193,"failureMessages":[],"meta":{}},{"ancestorTitles":["Booking Status API Integration Tests","Authentication & Authorization Flow"],"fullName":"Booking Status API Integration Tests Authentication & Authorization Flow should reject unauthorized roles (staff, viewer)","status":"passed","title":"should reject unauthorized roles (staff, viewer)","duration":0.6932999999999083,"failureMessages":[],"meta":{}},{"ancestorTitles":["Booking Status API Integration Tests","Authentication & Authorization Flow"],"fullName":"Booking Status API Integration Tests Authentication & Authorization Flow should reject unauthenticated requests","status":"passed","title":"should reject unauthenticated requests","duration":0.5677999999998065,"failureMessages":[],"meta":{}},{"ancestorTitles":["Booking Status API Integration Tests","Request Validation Flow"],"fullName":"Booking Status API Integration Tests Request Validation Flow should validate valid status change request","status":"passed","title":"should validate valid status change request","duration":0.5760000000000218,"failureMessages":[],"meta":{}},{"ancestorTitles":["Booking Status API Integration Tests","Request Validation Flow"],"fullName":"Booking Status API Integration Tests Request Validation Flow should reject invalid status values","status":"passed","title":"should reject invalid status values","duration":0.3069000000004962,"failureMessages":[],"meta":{}},{"ancestorTitles":["Booking Status API Integration Tests","Request Validation Flow"],"fullName":"Booking Status API Integration Tests Request Validation Flow should require reason for cancellation","status":"passed","title":"should require reason for cancellation","duration":0.5573999999996886,"failureMessages":[],"meta":{}},{"ancestorTitles":["Booking Status API Integration Tests","Business Logic Validation Flow"],"fullName":"Booking Status API Integration Tests Business Logic Validation Flow should validate state transition before update","status":"passed","title":"should validate state transition before update","duration":0.3867999999993117,"failureMessages":[],"meta":{}},{"ancestorTitles":["Booking Status API Integration Tests","Business Logic Validation Flow"],"fullName":"Booking Status API Integration Tests Business Logic Validation Flow should reject invalid state transitions","status":"passed","title":"should reject invalid state transitions","duration":0.3271999999997206,"failureMessages":[],"meta":{}},{"ancestorTitles":["Booking Status API Integration Tests","Business Logic Validation Flow"],"fullName":"Booking Status API Integration Tests Business Logic Validation Flow should block changes to terminal states","status":"passed","title":"should block changes to terminal states","duration":2.0108000000000175,"failureMessages":[],"meta":{}},{"ancestorTitles":["Booking Status API Integration Tests","Status History Creation Flow"],"fullName":"Booking Status API Integration Tests Status History Creation Flow should create proper status history entry","status":"passed","title":"should create proper status history entry","duration":0.8038000000005923,"failureMessages":[],"meta":{}},{"ancestorTitles":["Booking Status API Integration Tests","Status History Creation Flow"],"fullName":"Booking Status API Integration Tests Status History Creation Flow should include reason for cancellation","status":"passed","title":"should include reason for cancellation","duration":0.27990000000045256,"failureMessages":[],"meta":{}},{"ancestorTitles":["Booking Status API Integration Tests","Staff Unassignment Flow"],"fullName":"Booking Status API Integration Tests Staff Unassignment Flow should unassign staff when booking is cancelled","status":"passed","title":"should unassign staff when booking is cancelled","duration":0.38870000000042637,"failureMessages":[],"meta":{}},{"ancestorTitles":["Booking Status API Integration Tests","Staff Unassignment Flow"],"fullName":"Booking Status API Integration Tests Staff Unassignment Flow should not unassign staff for other status changes","status":"passed","title":"should not unassign staff for other status changes","duration":0.42589999999927386,"failureMessages":[],"meta":{}},{"ancestorTitles":["Booking Status API Integration Tests","Error Response Flow"],"fullName":"Booking Status API Integration Tests Error Response Flow should simulate 404 response for non-existent booking","status":"passed","title":"should simulate 404 response for non-existent booking","duration":0.7033000000001266,"failureMessages":[],"meta":{}},{"ancestorTitles":["Booking Status API Integration Tests","Error Response Flow"],"fullName":"Booking Status API Integration Tests Error Response Flow should simulate 400 response for terminal state error","status":"passed","title":"should simulate 400 response for terminal state error","duration":0.6226999999998952,"failureMessages":[],"meta":{}},{"ancestorTitles":["Booking Status API Integration Tests","Error Response Flow"],"fullName":"Booking Status API Integration Tests Error Response Flow should simulate 400 response for invalid transition","status":"passed","title":"should simulate 400 response for invalid transition","duration":0.34619999999995343,"failureMessages":[],"meta":{}},{"ancestorTitles":["Booking Status API Integration Tests","Success Response Flow"],"fullName":"Booking Status API Integration Tests Success Response Flow should simulate successful status update response","status":"passed","title":"should simulate successful status update response","duration":1.868399999999383,"failureMessages":[],"meta":{}},{"ancestorTitles":["Booking Status API Integration Tests","Complete Flow Scenarios"],"fullName":"Booking Status API Integration Tests Complete Flow Scenarios should simulate complete happy path: pending -> confirmed","status":"passed","title":"should simulate complete happy path: pending -> confirmed","duration":1.047299999999268,"failureMessages":[],"meta":{}},{"ancestorTitles":["Booking Status API Integration Tests","Complete Flow Scenarios"],"fullName":"Booking Status API Integration Tests Complete Flow Scenarios should simulate cancellation flow with staff unassignment","status":"passed","title":"should simulate cancellation flow with staff unassignment","duration":0.7291999999997643,"failureMessages":[],"meta":{}},{"ancestorTitles":["Booking Status API Integration Tests","Complete Flow Scenarios"],"fullName":"Booking Status API Integration Tests Complete Flow Scenarios should simulate rejected flow: terminal state protection","status":"passed","title":"should simulate rejected flow: terminal state protection","duration":0.3676000000004933,"failureMessages":[],"meta":{}},{"ancestorTitles":["Booking Status API Integration Tests","Rate Limiting Flow"],"fullName":"Booking Status API Integration Tests Rate Limiting Flow should simulate rate limit headers in response","status":"passed","title":"should simulate rate limit headers in response","duration":0.40059999999994034,"failureMessages":[],"meta":{}},{"ancestorTitles":["Booking Status API Integration Tests","Rate Limiting Flow"],"fullName":"Booking Status API Integration Tests Rate Limiting Flow should simulate rate limit exceeded scenario","status":"passed","title":"should simulate rate limit exceeded scenario","duration":0.5146000000004278,"failureMessages":[],"meta":{}}],"startTime":1759666888181,"endTime":1759666888199.5146,"status":"passed","message":"","name":"C:/Tinedy system/tinedy-app/__tests__/integration/booking-status-api.test.ts"},{"assertionResults":[{"ancestorTitles":["Smoke Tests - Core Functionality","Booking Utils"],"fullName":"Smoke Tests - Core Functionality Booking Utils should have working utility functions","status":"passed","title":"should have working utility functions","duration":2.6909999999998035,"failureMessages":[],"meta":{}},{"ancestorTitles":["Smoke Tests - Core Functionality","Type Definitions"],"fullName":"Smoke Tests - Core Functionality Type Definitions should have BookingStatus types","status":"passed","title":"should have BookingStatus types","duration":1.1523999999999432,"failureMessages":[],"meta":{}},{"ancestorTitles":["Smoke Tests - Core Functionality","Type Definitions"],"fullName":"Smoke Tests - Core Functionality Type Definitions should have CancellationReason types","status":"passed","title":"should have CancellationReason types","duration":0.5303000000003522,"failureMessages":[],"meta":{}},{"ancestorTitles":["Smoke Tests - Core Functionality","Configuration"],"fullName":"Smoke Tests - Core Functionality Configuration should have Vitest configured correctly","status":"passed","title":"should have Vitest configured correctly","duration":0.41560000000026776,"failureMessages":[],"meta":{}},{"ancestorTitles":["Smoke Tests - Core Functionality","Configuration"],"fullName":"Smoke Tests - Core Functionality Configuration should have test environment variables","status":"passed","title":"should have test environment variables","duration":0.19420000000081927,"failureMessages":[],"meta":{}}],"startTime":1759666898949,"endTime":1759666898954.4155,"status":"passed","message":"","name":"C:/Tinedy system/tinedy-app/__tests__/smoke/basic.test.ts"},{"assertionResults":[{"ancestorTitles":["Cancel Booking Business Logic","Staff Unassignment"],"fullName":"Cancel Booking Business Logic Staff Unassignment should unassign staff when booking is cancelled","status":"passed","title":"should unassign staff when booking is cancelled","duration":2.321600000000217,"failureMessages":[],"meta":{}},{"ancestorTitles":["Cancel Booking Business Logic","Staff Unassignment"],"fullName":"Cancel Booking Business Logic Staff Unassignment should unassign team when booking is cancelled","status":"passed","title":"should unassign team when booking is cancelled","duration":0.4322999999994863,"failureMessages":[],"meta":{}},{"ancestorTitles":["Cancel Booking Business Logic","Staff Unassignment"],"fullName":"Cancel Booking Business Logic Staff Unassignment should preserve original assignment in history","status":"passed","title":"should preserve original assignment in history","duration":0.6553000000003522,"failureMessages":[],"meta":{}},{"ancestorTitles":["Cancel Booking Business Logic","Notification Requirements"],"fullName":"Cancel Booking Business Logic Notification Requirements should require customer notification on cancellation","status":"passed","title":"should require customer notification on cancellation","duration":0.44539999999960855,"failureMessages":[],"meta":{}},{"ancestorTitles":["Cancel Booking Business Logic","Notification Requirements"],"fullName":"Cancel Booking Business Logic Notification Requirements should require staff notification if assigned","status":"passed","title":"should require staff notification if assigned","duration":0.21900000000005093,"failureMessages":[],"meta":{}},{"ancestorTitles":["Cancel Booking Business Logic","Notification Requirements"],"fullName":"Cancel Booking Business Logic Notification Requirements should not notify staff if booking was not assigned","status":"passed","title":"should not notify staff if booking was not assigned","duration":0.20780000000013388,"failureMessages":[],"meta":{}},{"ancestorTitles":["Cancel Booking Business Logic","Schedule Impact"],"fullName":"Cancel Booking Business Logic Schedule Impact should free up time slot after cancellation","status":"passed","title":"should free up time slot after cancellation","duration":0.19720000000052096,"failureMessages":[],"meta":{}},{"ancestorTitles":["Cancel Booking Business Logic","Schedule Impact"],"fullName":"Cancel Booking Business Logic Schedule Impact should update staff availability after cancellation","status":"passed","title":"should update staff availability after cancellation","duration":0.19160000000010768,"failureMessages":[],"meta":{}},{"ancestorTitles":["Cancel Booking Business Logic","Audit Trail"],"fullName":"Cancel Booking Business Logic Audit Trail should record cancellation in audit log","status":"passed","title":"should record cancellation in audit log","duration":0.2293999999992593,"failureMessages":[],"meta":{}},{"ancestorTitles":["Cancel Booking Business Logic","Audit Trail"],"fullName":"Cancel Booking Business Logic Audit Trail should be immutable once created","status":"passed","title":"should be immutable once created","duration":1.0844999999999345,"failureMessages":[],"meta":{}},{"ancestorTitles":["Cancel Booking Business Logic","Data Consistency"],"fullName":"Cancel Booking Business Logic Data Consistency should maintain referential integrity","status":"passed","title":"should maintain referential integrity","duration":0.2892999999994572,"failureMessages":[],"meta":{}},{"ancestorTitles":["Cancel Booking Business Logic","Data Consistency"],"fullName":"Cancel Booking Business Logic Data Consistency should preserve booking history even after cancellation","status":"passed","title":"should preserve booking history even after cancellation","duration":0.22600000000056752,"failureMessages":[],"meta":{}},{"ancestorTitles":["Cancel Booking Business Logic","Edge Cases"],"fullName":"Cancel Booking Business Logic Edge Cases should handle cancellation of booking with no staff assigned","status":"passed","title":"should handle cancellation of booking with no staff assigned","duration":0.20379999999931897,"failureMessages":[],"meta":{}},{"ancestorTitles":["Cancel Booking Business Logic","Edge Cases"],"fullName":"Cancel Booking Business Logic Edge Cases should handle rapid status changes","status":"passed","title":"should handle rapid status changes","duration":0.5509000000001834,"failureMessages":[],"meta":{}},{"ancestorTitles":["Cancel Booking Business Logic","Edge Cases"],"fullName":"Cancel Booking Business Logic Edge Cases should validate booking exists before cancellation","status":"passed","title":"should validate booking exists before cancellation","duration":0.22850000000016735,"failureMessages":[],"meta":{}}],"startTime":1759666898192,"endTime":1759666898200.2285,"status":"passed","message":"","name":"C:/Tinedy system/tinedy-app/__tests__/unit/business-logic.test.ts"},{"assertionResults":[{"ancestorTitles":["Booking Validation","Status Transitions"],"fullName":"Booking Validation Status Transitions should allow cancellation from pending status","status":"passed","title":"should allow cancellation from pending status","duration":2.9526000000005297,"failureMessages":[],"meta":{}},{"ancestorTitles":["Booking Validation","Status Transitions"],"fullName":"Booking Validation Status Transitions should allow cancellation from confirmed status","status":"passed","title":"should allow cancellation from confirmed status","duration":0.4749000000001615,"failureMessages":[],"meta":{}},{"ancestorTitles":["Booking Validation","Status Transitions"],"fullName":"Booking Validation Status Transitions should prevent cancellation from completed status","status":"passed","title":"should prevent cancellation from completed status","duration":0.5955999999996493,"failureMessages":[],"meta":{}},{"ancestorTitles":["Booking Validation","Status Transitions"],"fullName":"Booking Validation Status Transitions should prevent cancellation from already cancelled status","status":"passed","title":"should prevent cancellation from already cancelled status","duration":0.6181000000005952,"failureMessages":[],"meta":{}},{"ancestorTitles":["Booking Validation","Cancellation Reasons"],"fullName":"Booking Validation Cancellation Reasons should have valid cancellation reasons defined","status":"passed","title":"should have valid cancellation reasons defined","duration":0.403400000000147,"failureMessages":[],"meta":{}},{"ancestorTitles":["Booking Validation","Cancellation Reasons"],"fullName":"Booking Validation Cancellation Reasons should include customer_request as valid reason","status":"passed","title":"should include customer_request as valid reason","duration":1.4034999999994398,"failureMessages":[],"meta":{}},{"ancestorTitles":["Booking Validation","Cancellation Reasons"],"fullName":"Booking Validation Cancellation Reasons should include schedule_conflict as valid reason","status":"passed","title":"should include schedule_conflict as valid reason","duration":0.47879999999986467,"failureMessages":[],"meta":{}},{"ancestorTitles":["Booking Validation","Cancellation Reasons"],"fullName":"Booking Validation Cancellation Reasons should include other as fallback reason","status":"passed","title":"should include other as fallback reason","duration":0.37770000000000437,"failureMessages":[],"meta":{}},{"ancestorTitles":["Booking Validation","RBAC - Role Based Access Control"],"fullName":"Booking Validation RBAC - Role Based Access Control should define admin role","status":"passed","title":"should define admin role","duration":0.49459999999999127,"failureMessages":[],"meta":{}},{"ancestorTitles":["Booking Validation","RBAC - Role Based Access Control"],"fullName":"Booking Validation RBAC - Role Based Access Control should define operator role","status":"passed","title":"should define operator role","duration":0.4436999999998079,"failureMessages":[],"meta":{}},{"ancestorTitles":["Booking Validation","RBAC - Role Based Access Control"],"fullName":"Booking Validation RBAC - Role Based Access Control should not allow staff to cancel bookings","status":"passed","title":"should not allow staff to cancel bookings","duration":0.28209999999944557,"failureMessages":[],"meta":{}},{"ancestorTitles":["Booking Validation","RBAC - Role Based Access Control"],"fullName":"Booking Validation RBAC - Role Based Access Control should not allow viewer to cancel bookings","status":"passed","title":"should not allow viewer to cancel bookings","duration":0.29349999999976717,"failureMessages":[],"meta":{}},{"ancestorTitles":["Booking Validation","RBAC - Role Based Access Control"],"fullName":"Booking Validation RBAC - Role Based Access Control should allow admin to cancel bookings","status":"passed","title":"should allow admin to cancel bookings","duration":0.3006999999997788,"failureMessages":[],"meta":{}},{"ancestorTitles":["Booking Validation","RBAC - Role Based Access Control"],"fullName":"Booking Validation RBAC - Role Based Access Control should allow operator to cancel bookings","status":"passed","title":"should allow operator to cancel bookings","duration":0.7183999999997468,"failureMessages":[],"meta":{}},{"ancestorTitles":["Booking Validation","Data Integrity"],"fullName":"Booking Validation Data Integrity should require booking ID for cancellation","status":"passed","title":"should require booking ID for cancellation","duration":0.463900000000649,"failureMessages":[],"meta":{}},{"ancestorTitles":["Booking Validation","Data Integrity"],"fullName":"Booking Validation Data Integrity should require cancellation reason","status":"passed","title":"should require cancellation reason","duration":0.21500000000014552,"failureMessages":[],"meta":{}},{"ancestorTitles":["Booking Validation","Data Integrity"],"fullName":"Booking Validation Data Integrity should allow optional cancellation notes","status":"passed","title":"should allow optional cancellation notes","duration":0.24059999999917636,"failureMessages":[],"meta":{}},{"ancestorTitles":["Booking Validation","Data Integrity"],"fullName":"Booking Validation Data Integrity should track cancellation timestamp","status":"passed","title":"should track cancellation timestamp","duration":0.3491999999996551,"failureMessages":[],"meta":{}},{"ancestorTitles":["Booking Validation","Data Integrity"],"fullName":"Booking Validation Data Integrity should track who cancelled the booking","status":"passed","title":"should track who cancelled the booking","duration":0.19220000000041182,"failureMessages":[],"meta":{}},{"ancestorTitles":["Booking Validation","Status History"],"fullName":"Booking Validation Status History should create history entry for cancellation","status":"passed","title":"should create history entry for cancellation","duration":0.5743000000002212,"failureMessages":[],"meta":{}},{"ancestorTitles":["Booking Validation","Status History"],"fullName":"Booking Validation Status History should preserve original booking data in history","status":"passed","title":"should preserve original booking data in history","duration":0.34720000000015716,"failureMessages":[],"meta":{}}],"startTime":1759666893839,"endTime":1759666893853.3472,"status":"passed","message":"","name":"C:/Tinedy system/tinedy-app/__tests__/unit/validation.test.ts"},{"assertionResults":[{"ancestorTitles":["Cancel Booking Component Logic","Validation Rules"],"fullName":"Cancel Booking Component Logic Validation Rules should validate required cancellation reason","status":"passed","title":"should validate required cancellation reason","duration":2.6260000000002037,"failureMessages":[],"meta":{}},{"ancestorTitles":["Cancel Booking Component Logic","Validation Rules"],"fullName":"Cancel Booking Component Logic Validation Rules should accept valid cancellation reason","status":"passed","title":"should accept valid cancellation reason","duration":0.4922000000005937,"failureMessages":[],"meta":{}},{"ancestorTitles":["Cancel Booking Component Logic","Validation Rules"],"fullName":"Cancel Booking Component Logic Validation Rules should allow optional notes","status":"passed","title":"should allow optional notes","duration":0.713900000000649,"failureMessages":[],"meta":{}},{"ancestorTitles":["Cancel Booking Component Logic","Validation Rules"],"fullName":"Cancel Booking Component Logic Validation Rules should validate reason is from allowed list","status":"passed","title":"should validate reason is from allowed list","duration":0.44279999999980646,"failureMessages":[],"meta":{}},{"ancestorTitles":["Cancel Booking Component Logic","Validation Rules"],"fullName":"Cancel Booking Component Logic Validation Rules should reject invalid reason","status":"passed","title":"should reject invalid reason","duration":0.27000000000043656,"failureMessages":[],"meta":{}},{"ancestorTitles":["Cancel Booking Component Logic","Form State Management"],"fullName":"Cancel Booking Component Logic Form State Management should initialize with empty form","status":"passed","title":"should initialize with empty form","duration":0.4057999999995445,"failureMessages":[],"meta":{}},{"ancestorTitles":["Cancel Booking Component Logic","Form State Management"],"fullName":"Cancel Booking Component Logic Form State Management should update form state on user input","status":"passed","title":"should update form state on user input","duration":0.2600000000002183,"failureMessages":[],"meta":{}},{"ancestorTitles":["Cancel Booking Component Logic","Form State Management"],"fullName":"Cancel Booking Component Logic Form State Management should set submitting state during API call","status":"passed","title":"should set submitting state during API call","duration":0.24510000000009313,"failureMessages":[],"meta":{}},{"ancestorTitles":["Cancel Booking Component Logic","Form State Management"],"fullName":"Cancel Booking Component Logic Form State Management should handle submission error","status":"passed","title":"should handle submission error","duration":0.36859999999978754,"failureMessages":[],"meta":{}},{"ancestorTitles":["Cancel Booking Component Logic","Form State Management"],"fullName":"Cancel Booking Component Logic Form State Management should reset form after successful submission","status":"passed","title":"should reset form after successful submission","duration":0.36629999999968277,"failureMessages":[],"meta":{}},{"ancestorTitles":["Cancel Booking Component Logic","Button States"],"fullName":"Cancel Booking Component Logic Button States should disable submit button when form is invalid","status":"passed","title":"should disable submit button when form is invalid","duration":0.18890000000010332,"failureMessages":[],"meta":{}},{"ancestorTitles":["Cancel Booking Component Logic","Button States"],"fullName":"Cancel Booking Component Logic Button States should enable submit button when form is valid","status":"passed","title":"should enable submit button when form is valid","duration":0.2070000000003347,"failureMessages":[],"meta":{}},{"ancestorTitles":["Cancel Booking Component Logic","Button States"],"fullName":"Cancel Booking Component Logic Button States should disable submit button during submission","status":"passed","title":"should disable submit button during submission","duration":0.17699999999967986,"failureMessages":[],"meta":{}},{"ancestorTitles":["Cancel Booking Component Logic","Button States"],"fullName":"Cancel Booking Component Logic Button States should show loading state during submission","status":"passed","title":"should show loading state during submission","duration":0.5761999999995169,"failureMessages":[],"meta":{}},{"ancestorTitles":["Cancel Booking Component Logic","Dialog State"],"fullName":"Cancel Booking Component Logic Dialog State should initialize dialog as closed","status":"passed","title":"should initialize dialog as closed","duration":0.18479999999999563,"failureMessages":[],"meta":{}},{"ancestorTitles":["Cancel Booking Component Logic","Dialog State"],"fullName":"Cancel Booking Component Logic Dialog State should open dialog on trigger click","status":"passed","title":"should open dialog on trigger click","duration":0.19509999999991123,"failureMessages":[],"meta":{}},{"ancestorTitles":["Cancel Booking Component Logic","Dialog State"],"fullName":"Cancel Booking Component Logic Dialog State should close dialog on cancel","status":"passed","title":"should close dialog on cancel","duration":0.19830000000001746,"failureMessages":[],"meta":{}},{"ancestorTitles":["Cancel Booking Component Logic","Dialog State"],"fullName":"Cancel Booking Component Logic Dialog State should close dialog after successful submission","status":"passed","title":"should close dialog after successful submission","duration":0.17479999999977736,"failureMessages":[],"meta":{}},{"ancestorTitles":["Cancel Booking Component Logic","Dialog State"],"fullName":"Cancel Booking Component Logic Dialog State should keep dialog open on submission error","status":"passed","title":"should keep dialog open on submission error","duration":0.15599999999994907,"failureMessages":[],"meta":{}},{"ancestorTitles":["Cancel Booking Component Logic","Error Handling"],"fullName":"Cancel Booking Component Logic Error Handling should display error message on API failure","status":"passed","title":"should display error message on API failure","duration":0.18040000000019063,"failureMessages":[],"meta":{}},{"ancestorTitles":["Cancel Booking Component Logic","Error Handling"],"fullName":"Cancel Booking Component Logic Error Handling should clear error on retry","status":"passed","title":"should clear error on retry","duration":0.1945000000005166,"failureMessages":[],"meta":{}},{"ancestorTitles":["Cancel Booking Component Logic","Error Handling"],"fullName":"Cancel Booking Component Logic Error Handling should show specific error for terminal status","status":"passed","title":"should show specific error for terminal status","duration":0.2716999999993277,"failureMessages":[],"meta":{}},{"ancestorTitles":["Cancel Booking Component Logic","Booking Status Display"],"fullName":"Cancel Booking Component Logic Booking Status Display should show cancellable status badge","status":"passed","title":"should show cancellable status badge","duration":0.18429999999989377,"failureMessages":[],"meta":{}},{"ancestorTitles":["Cancel Booking Component Logic","Booking Status Display"],"fullName":"Cancel Booking Component Logic Booking Status Display should show non-cancellable status badge","status":"passed","title":"should show non-cancellable status badge","duration":0.16370000000006257,"failureMessages":[],"meta":{}},{"ancestorTitles":["Cancel Booking Component Logic","Booking Status Display"],"fullName":"Cancel Booking Component Logic Booking Status Display should display customer information","status":"passed","title":"should display customer information","duration":0.21049999999922875,"failureMessages":[],"meta":{}},{"ancestorTitles":["Cancel Booking Component Logic","Booking Status Display"],"fullName":"Cancel Booking Component Logic Booking Status Display should display assigned staff information","status":"passed","title":"should display assigned staff information","duration":1.332300000000032,"failureMessages":[],"meta":{}},{"ancestorTitles":["Cancel Booking Component Logic","Success Handling"],"fullName":"Cancel Booking Component Logic Success Handling should show success message after cancellation","status":"passed","title":"should show success message after cancellation","duration":0.20939999999973224,"failureMessages":[],"meta":{}},{"ancestorTitles":["Cancel Booking Component Logic","Success Handling"],"fullName":"Cancel Booking Component Logic Success Handling should invalidate booking queries after success","status":"passed","title":"should invalidate booking queries after success","duration":0.39469999999982974,"failureMessages":[],"meta":{}},{"ancestorTitles":["Cancel Booking Component Logic","Success Handling"],"fullName":"Cancel Booking Component Logic Success Handling should call onSuccess callback if provided","status":"passed","title":"should call onSuccess callback if provided","duration":1.157799999999952,"failureMessages":[],"meta":{}},{"ancestorTitles":["Cancel Booking Component Logic","Accessibility"],"fullName":"Cancel Booking Component Logic Accessibility should have aria-label for dialog","status":"passed","title":"should have aria-label for dialog","duration":0.22329999999965366,"failureMessages":[],"meta":{}},{"ancestorTitles":["Cancel Booking Component Logic","Accessibility"],"fullName":"Cancel Booking Component Logic Accessibility should announce form errors to screen readers","status":"passed","title":"should announce form errors to screen readers","duration":0.22369999999955326,"failureMessages":[],"meta":{}},{"ancestorTitles":["Cancel Booking Component Logic","Accessibility"],"fullName":"Cancel Booking Component Logic Accessibility should have proper button labels","status":"passed","title":"should have proper button labels","duration":0.1386000000002241,"failureMessages":[],"meta":{}}],"startTime":1759666888132,"endTime":1759666888147.2236,"status":"passed","message":"","name":"C:/Tinedy system/tinedy-app/components/bookings/__tests__/booking-components-simple.test.tsx"},{"assertionResults":[{"ancestorTitles":["BookingErrorBoundary - Simple Tests"],"fullName":"BookingErrorBoundary - Simple Tests should be a valid React component class","status":"passed","title":"should be a valid React component class","duration":3.2930999999998676,"failureMessages":[],"meta":{}},{"ancestorTitles":["BookingErrorBoundary - Simple Tests"],"fullName":"BookingErrorBoundary - Simple Tests should have getDerivedStateFromError static method","status":"passed","title":"should have getDerivedStateFromError static method","duration":0.7878000000000611,"failureMessages":[],"meta":{}},{"ancestorTitles":["BookingErrorBoundary - Simple Tests"],"fullName":"BookingErrorBoundary - Simple Tests should return error state when getDerivedStateFromError is called","status":"passed","title":"should return error state when getDerivedStateFromError is called","duration":1.8900000000003274,"failureMessages":[],"meta":{}},{"ancestorTitles":["BookingErrorBoundary - Simple Tests"],"fullName":"BookingErrorBoundary - Simple Tests should have componentDidCatch method","status":"passed","title":"should have componentDidCatch method","duration":0.9831000000003769,"failureMessages":[],"meta":{}},{"ancestorTitles":["BookingErrorBoundary - Simple Tests"],"fullName":"BookingErrorBoundary - Simple Tests should have render method","status":"passed","title":"should have render method","duration":0.4650000000001455,"failureMessages":[],"meta":{}},{"ancestorTitles":["BookingErrorBoundary - Simple Tests"],"fullName":"BookingErrorBoundary - Simple Tests should have handleReset method","status":"passed","title":"should have handleReset method","duration":0.38220000000001164,"failureMessages":[],"meta":{}},{"ancestorTitles":["BookingErrorBoundary - Simple Tests"],"fullName":"BookingErrorBoundary - Simple Tests should reset error state when handleReset is called","status":"passed","title":"should reset error state when handleReset is called","duration":2.8894000000000233,"failureMessages":[],"meta":{}},{"ancestorTitles":["BookingErrorBoundary - Simple Tests"],"fullName":"BookingErrorBoundary - Simple Tests should call onError callback if provided","status":"passed","title":"should call onError callback if provided","duration":15.059000000000196,"failureMessages":[],"meta":{}},{"ancestorTitles":["BookingErrorBoundary - Simple Tests"],"fullName":"BookingErrorBoundary - Simple Tests should not throw if onError is not provided","status":"passed","title":"should not throw if onError is not provided","duration":4.115900000000693,"failureMessages":[],"meta":{}},{"ancestorTitles":["BookingErrorBoundary - Simple Tests"],"fullName":"BookingErrorBoundary - Simple Tests should have initial state with no error","status":"passed","title":"should have initial state with no error","duration":0.6302999999998065,"failureMessages":[],"meta":{}},{"ancestorTitles":["BookingErrorBoundary - Simple Tests"],"fullName":"BookingErrorBoundary - Simple Tests should log error to console when componentDidCatch is called","status":"passed","title":"should log error to console when componentDidCatch is called","duration":1.246900000000096,"failureMessages":[],"meta":{}},{"ancestorTitles":["BookingErrorBoundary - Integration Notes"],"fullName":"BookingErrorBoundary - Integration Notes should be used in NewBookingPage for duplication flow","status":"passed","title":"should be used in NewBookingPage for duplication flow","duration":0.5999000000001615,"failureMessages":[],"meta":{}},{"ancestorTitles":["BookingErrorBoundary - Integration Notes"],"fullName":"BookingErrorBoundary - Integration Notes should provide error recovery mechanism","status":"passed","title":"should provide error recovery mechanism","duration":0.33770000000004075,"failureMessages":[],"meta":{}}],"startTime":1759666890552,"endTime":1759666890585.3376,"status":"passed","message":"","name":"C:/Tinedy system/tinedy-app/components/bookings/__tests__/BookingErrorBoundary-simple.test.tsx"},{"assertionResults":[{"ancestorTitles":["BookingsTable"],"fullName":"BookingsTable should render all bookings","status":"failed","title":"should render all bookings","duration":14.86449999999968,"failureMessages":["TypeError: React.act is not a function\n    at exports.act (C:\\Tinedy system\\tinedy-app\\node_modules\\react-dom\\cjs\\react-dom-test-utils.production.js:20:16)\n    at C:\\Tinedy system\\tinedy-app\\node_modules\\@testing-library\\react\\dist\\act-compat.js:47:25\n    at renderRoot (C:\\Tinedy system\\tinedy-app\\node_modules\\@testing-library\\react\\dist\\pure.js:190:26)\n    at Proxy.render (C:\\Tinedy system\\tinedy-app\\node_modules\\@testing-library\\react\\dist\\pure.js:292:10)\n    at C:\\Tinedy system\\tinedy-app\\components\\bookings\\__tests__\\BookingsTable.test.tsx:88:5\n    at file:///C:/Tinedy%20system/tinedy-app/node_modules/@vitest/runner/dist/chunk-hooks.js:155:11\n    at file:///C:/Tinedy%20system/tinedy-app/node_modules/@vitest/runner/dist/chunk-hooks.js:752:26\n    at file:///C:/Tinedy%20system/tinedy-app/node_modules/@vitest/runner/dist/chunk-hooks.js:1897:20\n    at new Promise (<anonymous>)\n    at runWithTimeout (file:///C:/Tinedy%20system/tinedy-app/node_modules/@vitest/runner/dist/chunk-hooks.js:1863:10)","TypeError: React.act is not a function\n    at exports.act (C:\\Tinedy system\\tinedy-app\\node_modules\\react-dom\\cjs\\react-dom-test-utils.production.js:20:16)\n    at C:\\Tinedy system\\tinedy-app\\node_modules\\@testing-library\\react\\dist\\act-compat.js:47:25\n    at C:\\Tinedy system\\tinedy-app\\node_modules\\@testing-library\\react\\dist\\pure.js:307:28\n    at Array.forEach (<anonymous>)\n    at cleanup (C:\\Tinedy system\\tinedy-app\\node_modules\\@testing-library\\react\\dist\\pure.js:303:22)\n    at C:\\Tinedy system\\tinedy-app\\node_modules\\@testing-library\\react\\dist\\index.js:28:25\n    at file:///C:/Tinedy%20system/tinedy-app/node_modules/@vitest/runner/dist/chunk-hooks.js:155:11\n    at file:///C:/Tinedy%20system/tinedy-app/node_modules/@vitest/runner/dist/chunk-hooks.js:1897:20\n    at new Promise (<anonymous>)\n    at runWithTimeout (file:///C:/Tinedy%20system/tinedy-app/node_modules/@vitest/runner/dist/chunk-hooks.js:1863:10)"],"meta":{}},{"ancestorTitles":["BookingsTable"],"fullName":"BookingsTable should render sortable column headers","status":"failed","title":"should render sortable column headers","duration":2.3549999999995634,"failureMessages":["TypeError: React.act is not a function\n    at exports.act (C:\\Tinedy system\\tinedy-app\\node_modules\\react-dom\\cjs\\react-dom-test-utils.production.js:20:16)\n    at C:\\Tinedy system\\tinedy-app\\node_modules\\@testing-library\\react\\dist\\act-compat.js:47:25\n    at renderRoot (C:\\Tinedy system\\tinedy-app\\node_modules\\@testing-library\\react\\dist\\pure.js:190:26)\n    at Proxy.render (C:\\Tinedy system\\tinedy-app\\node_modules\\@testing-library\\react\\dist\\pure.js:292:10)\n    at C:\\Tinedy system\\tinedy-app\\components\\bookings\\__tests__\\BookingsTable.test.tsx:102:5\n    at file:///C:/Tinedy%20system/tinedy-app/node_modules/@vitest/runner/dist/chunk-hooks.js:155:11\n    at file:///C:/Tinedy%20system/tinedy-app/node_modules/@vitest/runner/dist/chunk-hooks.js:752:26\n    at file:///C:/Tinedy%20system/tinedy-app/node_modules/@vitest/runner/dist/chunk-hooks.js:1897:20\n    at new Promise (<anonymous>)\n    at runWithTimeout (file:///C:/Tinedy%20system/tinedy-app/node_modules/@vitest/runner/dist/chunk-hooks.js:1863:10)","TypeError: React.act is not a function\n    at exports.act (C:\\Tinedy system\\tinedy-app\\node_modules\\react-dom\\cjs\\react-dom-test-utils.production.js:20:16)\n    at C:\\Tinedy system\\tinedy-app\\node_modules\\@testing-library\\react\\dist\\act-compat.js:47:25\n    at C:\\Tinedy system\\tinedy-app\\node_modules\\@testing-library\\react\\dist\\pure.js:307:28\n    at Array.forEach (<anonymous>)\n    at cleanup (C:\\Tinedy system\\tinedy-app\\node_modules\\@testing-library\\react\\dist\\pure.js:303:22)\n    at C:\\Tinedy system\\tinedy-app\\node_modules\\@testing-library\\react\\dist\\index.js:28:25\n    at file:///C:/Tinedy%20system/tinedy-app/node_modules/@vitest/runner/dist/chunk-hooks.js:155:11\n    at file:///C:/Tinedy%20system/tinedy-app/node_modules/@vitest/runner/dist/chunk-hooks.js:1897:20\n    at new Promise (<anonymous>)\n    at runWithTimeout (file:///C:/Tinedy%20system/tinedy-app/node_modules/@vitest/runner/dist/chunk-hooks.js:1863:10)"],"meta":{}},{"ancestorTitles":["BookingsTable"],"fullName":"BookingsTable should call onSortChange when column header is clicked","status":"failed","title":"should call onSortChange when column header is clicked","duration":4.808600000000297,"failureMessages":["TypeError: React.act is not a function\n    at exports.act (C:\\Tinedy system\\tinedy-app\\node_modules\\react-dom\\cjs\\react-dom-test-utils.production.js:20:16)\n    at C:\\Tinedy system\\tinedy-app\\node_modules\\@testing-library\\react\\dist\\act-compat.js:47:25\n    at renderRoot (C:\\Tinedy system\\tinedy-app\\node_modules\\@testing-library\\react\\dist\\pure.js:190:26)\n    at Proxy.render (C:\\Tinedy system\\tinedy-app\\node_modules\\@testing-library\\react\\dist\\pure.js:292:10)\n    at C:\\Tinedy system\\tinedy-app\\components\\bookings\\__tests__\\BookingsTable.test.tsx:119:5\n    at file:///C:/Tinedy%20system/tinedy-app/node_modules/@vitest/runner/dist/chunk-hooks.js:155:11\n    at file:///C:/Tinedy%20system/tinedy-app/node_modules/@vitest/runner/dist/chunk-hooks.js:752:26\n    at file:///C:/Tinedy%20system/tinedy-app/node_modules/@vitest/runner/dist/chunk-hooks.js:1897:20\n    at new Promise (<anonymous>)\n    at runWithTimeout (file:///C:/Tinedy%20system/tinedy-app/node_modules/@vitest/runner/dist/chunk-hooks.js:1863:10)","TypeError: React.act is not a function\n    at exports.act (C:\\Tinedy system\\tinedy-app\\node_modules\\react-dom\\cjs\\react-dom-test-utils.production.js:20:16)\n    at C:\\Tinedy system\\tinedy-app\\node_modules\\@testing-library\\react\\dist\\act-compat.js:47:25\n    at C:\\Tinedy system\\tinedy-app\\node_modules\\@testing-library\\react\\dist\\pure.js:307:28\n    at Array.forEach (<anonymous>)\n    at cleanup (C:\\Tinedy system\\tinedy-app\\node_modules\\@testing-library\\react\\dist\\pure.js:303:22)\n    at C:\\Tinedy system\\tinedy-app\\node_modules\\@testing-library\\react\\dist\\index.js:28:25\n    at file:///C:/Tinedy%20system/tinedy-app/node_modules/@vitest/runner/dist/chunk-hooks.js:155:11\n    at file:///C:/Tinedy%20system/tinedy-app/node_modules/@vitest/runner/dist/chunk-hooks.js:1897:20\n    at new Promise (<anonymous>)\n    at runWithTimeout (file:///C:/Tinedy%20system/tinedy-app/node_modules/@vitest/runner/dist/chunk-hooks.js:1863:10)"],"meta":{}},{"ancestorTitles":["BookingsTable"],"fullName":"BookingsTable should call onBookingClick when row is clicked","status":"failed","title":"should call onBookingClick when row is clicked","duration":2.3693999999995867,"failureMessages":["TypeError: React.act is not a function\n    at exports.act (C:\\Tinedy system\\tinedy-app\\node_modules\\react-dom\\cjs\\react-dom-test-utils.production.js:20:16)\n    at C:\\Tinedy system\\tinedy-app\\node_modules\\@testing-library\\react\\dist\\act-compat.js:47:25\n    at renderRoot (C:\\Tinedy system\\tinedy-app\\node_modules\\@testing-library\\react\\dist\\pure.js:190:26)\n    at Proxy.render (C:\\Tinedy system\\tinedy-app\\node_modules\\@testing-library\\react\\dist\\pure.js:292:10)\n    at C:\\Tinedy system\\tinedy-app\\components\\bookings\\__tests__\\BookingsTable.test.tsx:134:5\n    at file:///C:/Tinedy%20system/tinedy-app/node_modules/@vitest/runner/dist/chunk-hooks.js:155:11\n    at file:///C:/Tinedy%20system/tinedy-app/node_modules/@vitest/runner/dist/chunk-hooks.js:752:26\n    at file:///C:/Tinedy%20system/tinedy-app/node_modules/@vitest/runner/dist/chunk-hooks.js:1897:20\n    at new Promise (<anonymous>)\n    at runWithTimeout (file:///C:/Tinedy%20system/tinedy-app/node_modules/@vitest/runner/dist/chunk-hooks.js:1863:10)","TypeError: React.act is not a function\n    at exports.act (C:\\Tinedy system\\tinedy-app\\node_modules\\react-dom\\cjs\\react-dom-test-utils.production.js:20:16)\n    at C:\\Tinedy system\\tinedy-app\\node_modules\\@testing-library\\react\\dist\\act-compat.js:47:25\n    at C:\\Tinedy system\\tinedy-app\\node_modules\\@testing-library\\react\\dist\\pure.js:307:28\n    at Array.forEach (<anonymous>)\n    at cleanup (C:\\Tinedy system\\tinedy-app\\node_modules\\@testing-library\\react\\dist\\pure.js:303:22)\n    at C:\\Tinedy system\\tinedy-app\\node_modules\\@testing-library\\react\\dist\\index.js:28:25\n    at file:///C:/Tinedy%20system/tinedy-app/node_modules/@vitest/runner/dist/chunk-hooks.js:155:11\n    at file:///C:/Tinedy%20system/tinedy-app/node_modules/@vitest/runner/dist/chunk-hooks.js:1897:20\n    at new Promise (<anonymous>)\n    at runWithTimeout (file:///C:/Tinedy%20system/tinedy-app/node_modules/@vitest/runner/dist/chunk-hooks.js:1863:10)"],"meta":{}},{"ancestorTitles":["BookingsTable"],"fullName":"BookingsTable should display staff name when assigned","status":"failed","title":"should display staff name when assigned","duration":2.926499999999578,"failureMessages":["TypeError: React.act is not a function\n    at exports.act (C:\\Tinedy system\\tinedy-app\\node_modules\\react-dom\\cjs\\react-dom-test-utils.production.js:20:16)\n    at C:\\Tinedy system\\tinedy-app\\node_modules\\@testing-library\\react\\dist\\act-compat.js:47:25\n    at renderRoot (C:\\Tinedy system\\tinedy-app\\node_modules\\@testing-library\\react\\dist\\pure.js:190:26)\n    at Proxy.render (C:\\Tinedy system\\tinedy-app\\node_modules\\@testing-library\\react\\dist\\pure.js:292:10)\n    at C:\\Tinedy system\\tinedy-app\\components\\bookings\\__tests__\\BookingsTable.test.tsx:150:5\n    at file:///C:/Tinedy%20system/tinedy-app/node_modules/@vitest/runner/dist/chunk-hooks.js:155:11\n    at file:///C:/Tinedy%20system/tinedy-app/node_modules/@vitest/runner/dist/chunk-hooks.js:752:26\n    at file:///C:/Tinedy%20system/tinedy-app/node_modules/@vitest/runner/dist/chunk-hooks.js:1897:20\n    at new Promise (<anonymous>)\n    at runWithTimeout (file:///C:/Tinedy%20system/tinedy-app/node_modules/@vitest/runner/dist/chunk-hooks.js:1863:10)","TypeError: React.act is not a function\n    at exports.act (C:\\Tinedy system\\tinedy-app\\node_modules\\react-dom\\cjs\\react-dom-test-utils.production.js:20:16)\n    at C:\\Tinedy system\\tinedy-app\\node_modules\\@testing-library\\react\\dist\\act-compat.js:47:25\n    at C:\\Tinedy system\\tinedy-app\\node_modules\\@testing-library\\react\\dist\\pure.js:307:28\n    at Array.forEach (<anonymous>)\n    at cleanup (C:\\Tinedy system\\tinedy-app\\node_modules\\@testing-library\\react\\dist\\pure.js:303:22)\n    at C:\\Tinedy system\\tinedy-app\\node_modules\\@testing-library\\react\\dist\\index.js:28:25\n    at file:///C:/Tinedy%20system/tinedy-app/node_modules/@vitest/runner/dist/chunk-hooks.js:155:11\n    at file:///C:/Tinedy%20system/tinedy-app/node_modules/@vitest/runner/dist/chunk-hooks.js:1897:20\n    at new Promise (<anonymous>)\n    at runWithTimeout (file:///C:/Tinedy%20system/tinedy-app/node_modules/@vitest/runner/dist/chunk-hooks.js:1863:10)"],"meta":{}},{"ancestorTitles":["BookingsTable"],"fullName":"BookingsTable should display dash when no staff assigned","status":"failed","title":"should display dash when no staff assigned","duration":1.9807000000000698,"failureMessages":["TypeError: React.act is not a function\n    at exports.act (C:\\Tinedy system\\tinedy-app\\node_modules\\react-dom\\cjs\\react-dom-test-utils.production.js:20:16)\n    at C:\\Tinedy system\\tinedy-app\\node_modules\\@testing-library\\react\\dist\\act-compat.js:47:25\n    at renderRoot (C:\\Tinedy system\\tinedy-app\\node_modules\\@testing-library\\react\\dist\\pure.js:190:26)\n    at Proxy.render (C:\\Tinedy system\\tinedy-app\\node_modules\\@testing-library\\react\\dist\\pure.js:292:10)\n    at C:\\Tinedy system\\tinedy-app\\components\\bookings\\__tests__\\BookingsTable.test.tsx:163:5\n    at file:///C:/Tinedy%20system/tinedy-app/node_modules/@vitest/runner/dist/chunk-hooks.js:155:11\n    at file:///C:/Tinedy%20system/tinedy-app/node_modules/@vitest/runner/dist/chunk-hooks.js:752:26\n    at file:///C:/Tinedy%20system/tinedy-app/node_modules/@vitest/runner/dist/chunk-hooks.js:1897:20\n    at new Promise (<anonymous>)\n    at runWithTimeout (file:///C:/Tinedy%20system/tinedy-app/node_modules/@vitest/runner/dist/chunk-hooks.js:1863:10)","TypeError: React.act is not a function\n    at exports.act (C:\\Tinedy system\\tinedy-app\\node_modules\\react-dom\\cjs\\react-dom-test-utils.production.js:20:16)\n    at C:\\Tinedy system\\tinedy-app\\node_modules\\@testing-library\\react\\dist\\act-compat.js:47:25\n    at C:\\Tinedy system\\tinedy-app\\node_modules\\@testing-library\\react\\dist\\pure.js:307:28\n    at Array.forEach (<anonymous>)\n    at cleanup (C:\\Tinedy system\\tinedy-app\\node_modules\\@testing-library\\react\\dist\\pure.js:303:22)\n    at C:\\Tinedy system\\tinedy-app\\node_modules\\@testing-library\\react\\dist\\index.js:28:25\n    at file:///C:/Tinedy%20system/tinedy-app/node_modules/@vitest/runner/dist/chunk-hooks.js:155:11\n    at file:///C:/Tinedy%20system/tinedy-app/node_modules/@vitest/runner/dist/chunk-hooks.js:1897:20\n    at new Promise (<anonymous>)\n    at runWithTimeout (file:///C:/Tinedy%20system/tinedy-app/node_modules/@vitest/runner/dist/chunk-hooks.js:1863:10)"],"meta":{}},{"ancestorTitles":["BookingsTable"],"fullName":"BookingsTable should format createdAt date","status":"failed","title":"should format createdAt date","duration":1.8197999999993044,"failureMessages":["TypeError: React.act is not a function\n    at exports.act (C:\\Tinedy system\\tinedy-app\\node_modules\\react-dom\\cjs\\react-dom-test-utils.production.js:20:16)\n    at C:\\Tinedy system\\tinedy-app\\node_modules\\@testing-library\\react\\dist\\act-compat.js:47:25\n    at renderRoot (C:\\Tinedy system\\tinedy-app\\node_modules\\@testing-library\\react\\dist\\pure.js:190:26)\n    at Proxy.render (C:\\Tinedy system\\tinedy-app\\node_modules\\@testing-library\\react\\dist\\pure.js:292:10)\n    at C:\\Tinedy system\\tinedy-app\\components\\bookings\\__tests__\\BookingsTable.test.tsx:177:5\n    at file:///C:/Tinedy%20system/tinedy-app/node_modules/@vitest/runner/dist/chunk-hooks.js:155:11\n    at file:///C:/Tinedy%20system/tinedy-app/node_modules/@vitest/runner/dist/chunk-hooks.js:752:26\n    at file:///C:/Tinedy%20system/tinedy-app/node_modules/@vitest/runner/dist/chunk-hooks.js:1897:20\n    at new Promise (<anonymous>)\n    at runWithTimeout (file:///C:/Tinedy%20system/tinedy-app/node_modules/@vitest/runner/dist/chunk-hooks.js:1863:10)","TypeError: React.act is not a function\n    at exports.act (C:\\Tinedy system\\tinedy-app\\node_modules\\react-dom\\cjs\\react-dom-test-utils.production.js:20:16)\n    at C:\\Tinedy system\\tinedy-app\\node_modules\\@testing-library\\react\\dist\\act-compat.js:47:25\n    at C:\\Tinedy system\\tinedy-app\\node_modules\\@testing-library\\react\\dist\\pure.js:307:28\n    at Array.forEach (<anonymous>)\n    at cleanup (C:\\Tinedy system\\tinedy-app\\node_modules\\@testing-library\\react\\dist\\pure.js:303:22)\n    at C:\\Tinedy system\\tinedy-app\\node_modules\\@testing-library\\react\\dist\\index.js:28:25\n    at file:///C:/Tinedy%20system/tinedy-app/node_modules/@vitest/runner/dist/chunk-hooks.js:155:11\n    at file:///C:/Tinedy%20system/tinedy-app/node_modules/@vitest/runner/dist/chunk-hooks.js:1897:20\n    at new Promise (<anonymous>)\n    at runWithTimeout (file:///C:/Tinedy%20system/tinedy-app/node_modules/@vitest/runner/dist/chunk-hooks.js:1863:10)"],"meta":{}},{"ancestorTitles":["BookingsTable"],"fullName":"BookingsTable should apply cancelled styling to cancelled bookings","status":"failed","title":"should apply cancelled styling to cancelled bookings","duration":2.0370999999995547,"failureMessages":["TypeError: React.act is not a function\n    at exports.act (C:\\Tinedy system\\tinedy-app\\node_modules\\react-dom\\cjs\\react-dom-test-utils.production.js:20:16)\n    at C:\\Tinedy system\\tinedy-app\\node_modules\\@testing-library\\react\\dist\\act-compat.js:47:25\n    at renderRoot (C:\\Tinedy system\\tinedy-app\\node_modules\\@testing-library\\react\\dist\\pure.js:190:26)\n    at Proxy.render (C:\\Tinedy system\\tinedy-app\\node_modules\\@testing-library\\react\\dist\\pure.js:292:10)\n    at C:\\Tinedy system\\tinedy-app\\components\\bookings\\__tests__\\BookingsTable.test.tsx:200:5\n    at file:///C:/Tinedy%20system/tinedy-app/node_modules/@vitest/runner/dist/chunk-hooks.js:155:11\n    at file:///C:/Tinedy%20system/tinedy-app/node_modules/@vitest/runner/dist/chunk-hooks.js:752:26\n    at file:///C:/Tinedy%20system/tinedy-app/node_modules/@vitest/runner/dist/chunk-hooks.js:1897:20\n    at new Promise (<anonymous>)\n    at runWithTimeout (file:///C:/Tinedy%20system/tinedy-app/node_modules/@vitest/runner/dist/chunk-hooks.js:1863:10)","TypeError: React.act is not a function\n    at exports.act (C:\\Tinedy system\\tinedy-app\\node_modules\\react-dom\\cjs\\react-dom-test-utils.production.js:20:16)\n    at C:\\Tinedy system\\tinedy-app\\node_modules\\@testing-library\\react\\dist\\act-compat.js:47:25\n    at C:\\Tinedy system\\tinedy-app\\node_modules\\@testing-library\\react\\dist\\pure.js:307:28\n    at Array.forEach (<anonymous>)\n    at cleanup (C:\\Tinedy system\\tinedy-app\\node_modules\\@testing-library\\react\\dist\\pure.js:303:22)\n    at C:\\Tinedy system\\tinedy-app\\node_modules\\@testing-library\\react\\dist\\index.js:28:25\n    at file:///C:/Tinedy%20system/tinedy-app/node_modules/@vitest/runner/dist/chunk-hooks.js:155:11\n    at file:///C:/Tinedy%20system/tinedy-app/node_modules/@vitest/runner/dist/chunk-hooks.js:1897:20\n    at new Promise (<anonymous>)\n    at runWithTimeout (file:///C:/Tinedy%20system/tinedy-app/node_modules/@vitest/runner/dist/chunk-hooks.js:1863:10)"],"meta":{}},{"ancestorTitles":["BookingsTable"],"fullName":"BookingsTable should render empty table when no bookings","status":"failed","title":"should render empty table when no bookings","duration":2.7924000000002707,"failureMessages":["TypeError: React.act is not a function\n    at exports.act (C:\\Tinedy system\\tinedy-app\\node_modules\\react-dom\\cjs\\react-dom-test-utils.production.js:20:16)\n    at C:\\Tinedy system\\tinedy-app\\node_modules\\@testing-library\\react\\dist\\act-compat.js:47:25\n    at renderRoot (C:\\Tinedy system\\tinedy-app\\node_modules\\@testing-library\\react\\dist\\pure.js:190:26)\n    at Proxy.render (C:\\Tinedy system\\tinedy-app\\node_modules\\@testing-library\\react\\dist\\pure.js:292:10)\n    at C:\\Tinedy system\\tinedy-app\\components\\bookings\\__tests__\\BookingsTable.test.tsx:215:5\n    at file:///C:/Tinedy%20system/tinedy-app/node_modules/@vitest/runner/dist/chunk-hooks.js:155:11\n    at file:///C:/Tinedy%20system/tinedy-app/node_modules/@vitest/runner/dist/chunk-hooks.js:752:26\n    at file:///C:/Tinedy%20system/tinedy-app/node_modules/@vitest/runner/dist/chunk-hooks.js:1897:20\n    at new Promise (<anonymous>)\n    at runWithTimeout (file:///C:/Tinedy%20system/tinedy-app/node_modules/@vitest/runner/dist/chunk-hooks.js:1863:10)","TypeError: React.act is not a function\n    at exports.act (C:\\Tinedy system\\tinedy-app\\node_modules\\react-dom\\cjs\\react-dom-test-utils.production.js:20:16)\n    at C:\\Tinedy system\\tinedy-app\\node_modules\\@testing-library\\react\\dist\\act-compat.js:47:25\n    at C:\\Tinedy system\\tinedy-app\\node_modules\\@testing-library\\react\\dist\\pure.js:307:28\n    at Array.forEach (<anonymous>)\n    at cleanup (C:\\Tinedy system\\tinedy-app\\node_modules\\@testing-library\\react\\dist\\pure.js:303:22)\n    at C:\\Tinedy system\\tinedy-app\\node_modules\\@testing-library\\react\\dist\\index.js:28:25\n    at file:///C:/Tinedy%20system/tinedy-app/node_modules/@vitest/runner/dist/chunk-hooks.js:155:11\n    at file:///C:/Tinedy%20system/tinedy-app/node_modules/@vitest/runner/dist/chunk-hooks.js:1897:20\n    at new Promise (<anonymous>)\n    at runWithTimeout (file:///C:/Tinedy%20system/tinedy-app/node_modules/@vitest/runner/dist/chunk-hooks.js:1863:10)"],"meta":{}}],"startTime":1759666893768,"endTime":1759666893803.7925,"status":"failed","message":"","name":"C:/Tinedy system/tinedy-app/components/bookings/__tests__/BookingsTable.test.tsx"},{"assertionResults":[{"ancestorTitles":["DateRangePicker"],"fullName":"DateRangePicker should render with correct display text","status":"failed","title":"should render with correct display text","duration":15.563399999999092,"failureMessages":["TypeError: React.act is not a function\n    at exports.act (C:\\Tinedy system\\tinedy-app\\node_modules\\react-dom\\cjs\\react-dom-test-utils.production.js:20:16)\n    at C:\\Tinedy system\\tinedy-app\\node_modules\\@testing-library\\react\\dist\\act-compat.js:47:25\n    at renderRoot (C:\\Tinedy system\\tinedy-app\\node_modules\\@testing-library\\react\\dist\\pure.js:190:26)\n    at render (C:\\Tinedy system\\tinedy-app\\node_modules\\@testing-library\\react\\dist\\pure.js:292:10)\n    at C:\\Tinedy system\\tinedy-app\\components\\bookings\\__tests__\\DateRangePicker.test.tsx:23:5\n    at file:///C:/Tinedy%20system/tinedy-app/node_modules/@vitest/runner/dist/chunk-hooks.js:155:11\n    at file:///C:/Tinedy%20system/tinedy-app/node_modules/@vitest/runner/dist/chunk-hooks.js:752:26\n    at file:///C:/Tinedy%20system/tinedy-app/node_modules/@vitest/runner/dist/chunk-hooks.js:1897:20\n    at new Promise (<anonymous>)\n    at runWithTimeout (file:///C:/Tinedy%20system/tinedy-app/node_modules/@vitest/runner/dist/chunk-hooks.js:1863:10)","TypeError: React.act is not a function\n    at exports.act (C:\\Tinedy system\\tinedy-app\\node_modules\\react-dom\\cjs\\react-dom-test-utils.production.js:20:16)\n    at C:\\Tinedy system\\tinedy-app\\node_modules\\@testing-library\\react\\dist\\act-compat.js:47:25\n    at C:\\Tinedy system\\tinedy-app\\node_modules\\@testing-library\\react\\dist\\pure.js:307:28\n    at Array.forEach (<anonymous>)\n    at cleanup (C:\\Tinedy system\\tinedy-app\\node_modules\\@testing-library\\react\\dist\\pure.js:303:22)\n    at C:\\Tinedy system\\tinedy-app\\node_modules\\@testing-library\\react\\dist\\index.js:28:25\n    at file:///C:/Tinedy%20system/tinedy-app/node_modules/@vitest/runner/dist/chunk-hooks.js:155:11\n    at file:///C:/Tinedy%20system/tinedy-app/node_modules/@vitest/runner/dist/chunk-hooks.js:1897:20\n    at new Promise (<anonymous>)\n    at runWithTimeout (file:///C:/Tinedy%20system/tinedy-app/node_modules/@vitest/runner/dist/chunk-hooks.js:1863:10)"],"meta":{}},{"ancestorTitles":["DateRangePicker"],"fullName":"DateRangePicker should show placeholder when no date is selected","status":"failed","title":"should show placeholder when no date is selected","duration":2.3065999999998894,"failureMessages":["TypeError: React.act is not a function\n    at exports.act (C:\\Tinedy system\\tinedy-app\\node_modules\\react-dom\\cjs\\react-dom-test-utils.production.js:20:16)\n    at C:\\Tinedy system\\tinedy-app\\node_modules\\@testing-library\\react\\dist\\act-compat.js:47:25\n    at renderRoot (C:\\Tinedy system\\tinedy-app\\node_modules\\@testing-library\\react\\dist\\pure.js:190:26)\n    at render (C:\\Tinedy system\\tinedy-app\\node_modules\\@testing-library\\react\\dist\\pure.js:292:10)\n    at C:\\Tinedy system\\tinedy-app\\components\\bookings\\__tests__\\DateRangePicker.test.tsx:29:5\n    at file:///C:/Tinedy%20system/tinedy-app/node_modules/@vitest/runner/dist/chunk-hooks.js:155:11\n    at file:///C:/Tinedy%20system/tinedy-app/node_modules/@vitest/runner/dist/chunk-hooks.js:752:26\n    at file:///C:/Tinedy%20system/tinedy-app/node_modules/@vitest/runner/dist/chunk-hooks.js:1897:20\n    at new Promise (<anonymous>)\n    at runWithTimeout (file:///C:/Tinedy%20system/tinedy-app/node_modules/@vitest/runner/dist/chunk-hooks.js:1863:10)","TypeError: React.act is not a function\n    at exports.act (C:\\Tinedy system\\tinedy-app\\node_modules\\react-dom\\cjs\\react-dom-test-utils.production.js:20:16)\n    at C:\\Tinedy system\\tinedy-app\\node_modules\\@testing-library\\react\\dist\\act-compat.js:47:25\n    at C:\\Tinedy system\\tinedy-app\\node_modules\\@testing-library\\react\\dist\\pure.js:307:28\n    at Array.forEach (<anonymous>)\n    at cleanup (C:\\Tinedy system\\tinedy-app\\node_modules\\@testing-library\\react\\dist\\pure.js:303:22)\n    at C:\\Tinedy system\\tinedy-app\\node_modules\\@testing-library\\react\\dist\\index.js:28:25\n    at file:///C:/Tinedy%20system/tinedy-app/node_modules/@vitest/runner/dist/chunk-hooks.js:155:11\n    at file:///C:/Tinedy%20system/tinedy-app/node_modules/@vitest/runner/dist/chunk-hooks.js:1897:20\n    at new Promise (<anonymous>)\n    at runWithTimeout (file:///C:/Tinedy%20system/tinedy-app/node_modules/@vitest/runner/dist/chunk-hooks.js:1863:10)"],"meta":{}},{"ancestorTitles":["DateRangePicker"],"fullName":"DateRangePicker should open popover when button is clicked","status":"failed","title":"should open popover when button is clicked","duration":5.645199999999022,"failureMessages":["TypeError: React.act is not a function\n    at exports.act (C:\\Tinedy system\\tinedy-app\\node_modules\\react-dom\\cjs\\react-dom-test-utils.production.js:20:16)\n    at C:\\Tinedy system\\tinedy-app\\node_modules\\@testing-library\\react\\dist\\act-compat.js:47:25\n    at renderRoot (C:\\Tinedy system\\tinedy-app\\node_modules\\@testing-library\\react\\dist\\pure.js:190:26)\n    at render (C:\\Tinedy system\\tinedy-app\\node_modules\\@testing-library\\react\\dist\\pure.js:292:10)\n    at C:\\Tinedy system\\tinedy-app\\components\\bookings\\__tests__\\DateRangePicker.test.tsx:41:5\n    at file:///C:/Tinedy%20system/tinedy-app/node_modules/@vitest/runner/dist/chunk-hooks.js:155:11\n    at file:///C:/Tinedy%20system/tinedy-app/node_modules/@vitest/runner/dist/chunk-hooks.js:752:26\n    at file:///C:/Tinedy%20system/tinedy-app/node_modules/@vitest/runner/dist/chunk-hooks.js:1897:20\n    at new Promise (<anonymous>)\n    at runWithTimeout (file:///C:/Tinedy%20system/tinedy-app/node_modules/@vitest/runner/dist/chunk-hooks.js:1863:10)","TypeError: React.act is not a function\n    at exports.act (C:\\Tinedy system\\tinedy-app\\node_modules\\react-dom\\cjs\\react-dom-test-utils.production.js:20:16)\n    at C:\\Tinedy system\\tinedy-app\\node_modules\\@testing-library\\react\\dist\\act-compat.js:47:25\n    at C:\\Tinedy system\\tinedy-app\\node_modules\\@testing-library\\react\\dist\\pure.js:307:28\n    at Array.forEach (<anonymous>)\n    at cleanup (C:\\Tinedy system\\tinedy-app\\node_modules\\@testing-library\\react\\dist\\pure.js:303:22)\n    at C:\\Tinedy system\\tinedy-app\\node_modules\\@testing-library\\react\\dist\\index.js:28:25\n    at file:///C:/Tinedy%20system/tinedy-app/node_modules/@vitest/runner/dist/chunk-hooks.js:155:11\n    at file:///C:/Tinedy%20system/tinedy-app/node_modules/@vitest/runner/dist/chunk-hooks.js:1897:20\n    at new Promise (<anonymous>)\n    at runWithTimeout (file:///C:/Tinedy%20system/tinedy-app/node_modules/@vitest/runner/dist/chunk-hooks.js:1863:10)"],"meta":{}},{"ancestorTitles":["DateRangePicker"],"fullName":"DateRangePicker should render quick select options","status":"failed","title":"should render quick select options","duration":2.511500000000524,"failureMessages":["TypeError: React.act is not a function\n    at exports.act (C:\\Tinedy system\\tinedy-app\\node_modules\\react-dom\\cjs\\react-dom-test-utils.production.js:20:16)\n    at C:\\Tinedy system\\tinedy-app\\node_modules\\@testing-library\\react\\dist\\act-compat.js:47:25\n    at renderRoot (C:\\Tinedy system\\tinedy-app\\node_modules\\@testing-library\\react\\dist\\pure.js:190:26)\n    at render (C:\\Tinedy system\\tinedy-app\\node_modules\\@testing-library\\react\\dist\\pure.js:292:10)\n    at C:\\Tinedy system\\tinedy-app\\components\\bookings\\__tests__\\DateRangePicker.test.tsx:53:5\n    at file:///C:/Tinedy%20system/tinedy-app/node_modules/@vitest/runner/dist/chunk-hooks.js:155:11\n    at file:///C:/Tinedy%20system/tinedy-app/node_modules/@vitest/runner/dist/chunk-hooks.js:752:26\n    at file:///C:/Tinedy%20system/tinedy-app/node_modules/@vitest/runner/dist/chunk-hooks.js:1897:20\n    at new Promise (<anonymous>)\n    at runWithTimeout (file:///C:/Tinedy%20system/tinedy-app/node_modules/@vitest/runner/dist/chunk-hooks.js:1863:10)","TypeError: React.act is not a function\n    at exports.act (C:\\Tinedy system\\tinedy-app\\node_modules\\react-dom\\cjs\\react-dom-test-utils.production.js:20:16)\n    at C:\\Tinedy system\\tinedy-app\\node_modules\\@testing-library\\react\\dist\\act-compat.js:47:25\n    at C:\\Tinedy system\\tinedy-app\\node_modules\\@testing-library\\react\\dist\\pure.js:307:28\n    at Array.forEach (<anonymous>)\n    at cleanup (C:\\Tinedy system\\tinedy-app\\node_modules\\@testing-library\\react\\dist\\pure.js:303:22)\n    at C:\\Tinedy system\\tinedy-app\\node_modules\\@testing-library\\react\\dist\\index.js:28:25\n    at file:///C:/Tinedy%20system/tinedy-app/node_modules/@vitest/runner/dist/chunk-hooks.js:155:11\n    at file:///C:/Tinedy%20system/tinedy-app/node_modules/@vitest/runner/dist/chunk-hooks.js:1897:20\n    at new Promise
[...]
e-formatter utilities (Simple Tests)","safeToDate (LOGIC-003 fix)"],"fullName":"date-formatter utilities (Simple Tests) safeToDate (LOGIC-003 fix) handles empty string","status":"passed","title":"handles empty string","duration":0.1621000000004642,"failureMessages":[],"meta":{}},{"ancestorTitles":["date-formatter utilities (Simple Tests)","safeToDate (LOGIC-003 fix)"],"fullName":"date-formatter utilities (Simple Tests) safeToDate (LOGIC-003 fix) handles various Timestamp formats","status":"passed","title":"handles various Timestamp formats","duration":0.25420000000030996,"failureMessages":[],"meta":{}},{"ancestorTitles":["date-formatter utilities (Simple Tests)","safeToDate (LOGIC-003 fix)"],"fullName":"date-formatter utilities (Simple Tests) safeToDate (LOGIC-003 fix) preserves time information from ISO string","status":"passed","title":"preserves time information from ISO string","duration":0.3401000000003478,"failureMessages":[],"meta":{}},{"ancestorTitles":["date-formatter utilities (Simple Tests)","safeToDate (LOGIC-003 fix)"],"fullName":"date-formatter utilities (Simple Tests) safeToDate (LOGIC-003 fix) works with different date string formats","status":"passed","title":"works with different date string formats","duration":0.29689999999936845,"failureMessages":[],"meta":{}}],"startTime":1759666900641,"endTime":1759666900648.34,"status":"passed","message":"","name":"C:/Tinedy system/tinedy-app/lib/utils/__tests__/date-formatter-simple.test.ts"},{"assertionResults":[{"ancestorTitles":["Status Workflow","STATUS_TRANSITIONS"],"fullName":"Status Workflow STATUS_TRANSITIONS should define valid transitions for pending status","status":"passed","title":"should define valid transitions for pending status","duration":3.931800000000294,"failureMessages":[],"meta":{}},{"ancestorTitles":["Status Workflow","STATUS_TRANSITIONS"],"fullName":"Status Workflow STATUS_TRANSITIONS should define valid transitions for confirmed status","status":"passed","title":"should define valid transitions for confirmed status","duration":0.6010999999998603,"failureMessages":[],"meta":{}},{"ancestorTitles":["Status Workflow","STATUS_TRANSITIONS"],"fullName":"Status Workflow STATUS_TRANSITIONS should define valid transitions for in_progress status","status":"passed","title":"should define valid transitions for in_progress status","duration":0.7083999999999833,"failureMessages":[],"meta":{}},{"ancestorTitles":["Status Workflow","STATUS_TRANSITIONS"],"fullName":"Status Workflow STATUS_TRANSITIONS should define no transitions for completed status (terminal)","status":"passed","title":"should define no transitions for completed status (terminal)","duration":0.5644999999999527,"failureMessages":[],"meta":{}},{"ancestorTitles":["Status Workflow","STATUS_TRANSITIONS"],"fullName":"Status Workflow STATUS_TRANSITIONS should define no transitions for cancelled status (terminal)","status":"passed","title":"should define no transitions for cancelled status (terminal)","duration":0.24310000000014043,"failureMessages":[],"meta":{}},{"ancestorTitles":["Status Workflow","getValidNextStatuses"],"fullName":"Status Workflow getValidNextStatuses should return valid next statuses for pending","status":"passed","title":"should return valid next statuses for pending","duration":0.30900000000019645,"failureMessages":[],"meta":{}},{"ancestorTitles":["Status Workflow","getValidNextStatuses"],"fullName":"Status Workflow getValidNextStatuses should return valid next statuses for confirmed","status":"passed","title":"should return valid next statuses for confirmed","duration":0.2537999999999556,"failureMessages":[],"meta":{}},{"ancestorTitles":["Status Workflow","getValidNextStatuses"],"fullName":"Status Workflow getValidNextStatuses should return valid next statuses for in_progress","status":"passed","title":"should return valid next statuses for in_progress","duration":0.38540000000011787,"failureMessages":[],"meta":{}},{"ancestorTitles":["Status Workflow","getValidNextStatuses"],"fullName":"Status Workflow getValidNextStatuses should return empty array for completed (terminal)","status":"passed","title":"should return empty array for completed (terminal)","duration":0.4803999999999178,"failureMessages":[],"meta":{}},{"ancestorTitles":["Status Workflow","getValidNextStatuses"],"fullName":"Status Workflow getValidNextStatuses should return empty array for cancelled (terminal)","status":"passed","title":"should return empty array for cancelled (terminal)","duration":0.33009999999967476,"failureMessages":[],"meta":{}},{"ancestorTitles":["Status Workflow","isValidTransition"],"fullName":"Status Workflow isValidTransition should allow pending -> confirmed","status":"passed","title":"should allow pending -> confirmed","duration":0.4149999999999636,"failureMessages":[],"meta":{}},{"ancestorTitles":["Status Workflow","isValidTransition"],"fullName":"Status Workflow isValidTransition should allow confirmed -> in_progress","status":"passed","title":"should allow confirmed -> in_progress","duration":0.203899999999976,"failureMessages":[],"meta":{}},{"ancestorTitles":["Status Workflow","isValidTransition"],"fullName":"Status Workflow isValidTransition should allow in_progress -> completed","status":"passed","title":"should allow in_progress -> completed","duration":0.22490000000016153,"failureMessages":[],"meta":{}},{"ancestorTitles":["Status Workflow","isValidTransition"],"fullName":"Status Workflow isValidTransition should allow pending -> cancelled","status":"passed","title":"should allow pending -> cancelled","duration":0.6827000000002954,"failureMessages":[],"meta":{}},{"ancestorTitles":["Status Workflow","isValidTransition"],"fullName":"Status Workflow isValidTransition should allow confirmed -> cancelled","status":"passed","title":"should allow confirmed -> cancelled","duration":0.2630000000003747,"failureMessages":[],"meta":{}},{"ancestorTitles":["Status Workflow","isValidTransition"],"fullName":"Status Workflow isValidTransition should allow in_progress -> cancelled","status":"passed","title":"should allow in_progress -> cancelled","duration":0.27579999999989013,"failureMessages":[],"meta":{}},{"ancestorTitles":["Status Workflow","isValidTransition"],"fullName":"Status Workflow isValidTransition should NOT allow confirmed -> pending","status":"passed","title":"should NOT allow confirmed -> pending","duration":0.17370000000028085,"failureMessages":[],"meta":{}},{"ancestorTitles":["Status Workflow","isValidTransition"],"fullName":"Status Workflow isValidTransition should NOT allow in_progress -> confirmed","status":"passed","title":"should NOT allow in_progress -> confirmed","duration":0.1546000000003005,"failureMessages":[],"meta":{}},{"ancestorTitles":["Status Workflow","isValidTransition"],"fullName":"Status Workflow isValidTransition should NOT allow in_progress -> pending","status":"passed","title":"should NOT allow in_progress -> pending","duration":0.16040000000020882,"failureMessages":[],"meta":{}},{"ancestorTitles":["Status Workflow","isValidTransition"],"fullName":"Status Workflow isValidTransition should NOT allow completed -> in_progress","status":"passed","title":"should NOT allow completed -> in_progress","duration":0.17010000000027503,"failureMessages":[],"meta":{}},{"ancestorTitles":["Status Workflow","isValidTransition"],"fullName":"Status Workflow isValidTransition should NOT allow pending -> in_progress (skip confirmed)","status":"passed","title":"should NOT allow pending -> in_progress (skip confirmed)","duration":0.1972000000000662,"failureMessages":[],"meta":{}},{"ancestorTitles":["Status Workflow","isValidTransition"],"fullName":"Status Workflow isValidTransition should NOT allow pending -> completed (skip multiple)","status":"passed","title":"should NOT allow pending -> completed (skip multiple)","duration":0.17669999999998254,"failureMessages":[],"meta":{}},{"ancestorTitles":["Status Workflow","isValidTransition"],"fullName":"Status Workflow isValidTransition should NOT allow confirmed -> completed (skip in_progress)","status":"passed","title":"should NOT allow confirmed -> completed (skip in_progress)","duration":0.18449999999984357,"failureMessages":[],"meta":{}},{"ancestorTitles":["Status Workflow","isValidTransition"],"fullName":"Status Workflow isValidTransition should NOT allow completed -> cancelled","status":"passed","title":"should NOT allow completed -> cancelled","duration":0.17070000000012442,"failureMessages":[],"meta":{}},{"ancestorTitles":["Status Workflow","isValidTransition"],"fullName":"Status Workflow isValidTransition should NOT allow cancelled -> pending","status":"passed","title":"should NOT allow cancelled -> pending","duration":0.15399999999999636,"failureMessages":[],"meta":{}},{"ancestorTitles":["Status Workflow","isValidTransition"],"fullName":"Status Workflow isValidTransition should NOT allow cancelled -> confirmed","status":"passed","title":"should NOT allow cancelled -> confirmed","duration":0.15380000000004657,"failureMessages":[],"meta":{}},{"ancestorTitles":["Status Workflow","isValidTransition"],"fullName":"Status Workflow isValidTransition should NOT allow cancelled -> in_progress","status":"passed","title":"should NOT allow cancelled -> in_progress","duration":0.16190000000005966,"failureMessages":[],"meta":{}},{"ancestorTitles":["Status Workflow","isValidTransition"],"fullName":"Status Workflow isValidTransition should NOT allow cancelled -> completed","status":"passed","title":"should NOT allow cancelled -> completed","duration":0.1516999999998916,"failureMessages":[],"meta":{}},{"ancestorTitles":["Status Workflow","isTerminalStatus"],"fullName":"Status Workflow isTerminalStatus should return true for completed","status":"passed","title":"should return true for completed","duration":0.21689999999989595,"failureMessages":[],"meta":{}},{"ancestorTitles":["Status Workflow","isTerminalStatus"],"fullName":"Status Workflow isTerminalStatus should return true for cancelled","status":"passed","title":"should return true for cancelled","duration":0.16780000000017026,"failureMessages":[],"meta":{}},{"ancestorTitles":["Status Workflow","isTerminalStatus"],"fullName":"Status Workflow isTerminalStatus should return false for pending","status":"passed","title":"should return false for pending","duration":0.2084999999997308,"failureMessages":[],"meta":{}},{"ancestorTitles":["Status Workflow","isTerminalStatus"],"fullName":"Status Workflow isTerminalStatus should return false for confirmed","status":"passed","title":"should return false for confirmed","duration":0.16879999999991924,"failureMessages":[],"meta":{}},{"ancestorTitles":["Status Workflow","isTerminalStatus"],"fullName":"Status Workflow isTerminalStatus should return false for in_progress","status":"passed","title":"should return false for in_progress","duration":0.284099999999853,"failureMessages":[],"meta":{}},{"ancestorTitles":["Status Workflow","Full workflow scenarios"],"fullName":"Status Workflow Full workflow scenarios should support full happy path: pending -> confirmed -> in_progress -> completed","status":"passed","title":"should support full happy path: pending -> confirmed -> in_progress -> completed","duration":0.5814999999997781,"failureMessages":[],"meta":{}},{"ancestorTitles":["Status Workflow","Full workflow scenarios"],"fullName":"Status Workflow Full workflow scenarios should support cancellation at any stage","status":"passed","title":"should support cancellation at any stage","duration":0.23869999999988067,"failureMessages":[],"meta":{}},{"ancestorTitles":["Status Workflow","Full workflow scenarios"],"fullName":"Status Workflow Full workflow scenarios should prevent any changes to cancelled booking","status":"passed","title":"should prevent any changes to cancelled booking","duration":0.27919999999994616,"failureMessages":[],"meta":{}},{"ancestorTitles":["Status Workflow","Full workflow scenarios"],"fullName":"Status Workflow Full workflow scenarios should prevent any changes to completed booking","status":"passed","title":"should prevent any changes to completed booking","duration":0.3198000000002139,"failureMessages":[],"meta":{}}],"startTime":1759666893844,"endTime":1759666893859.3198,"status":"passed","message":"","name":"C:/Tinedy system/tinedy-app/lib/utils/__tests__/status-workflow.test.ts"},{"assertionResults":[],"startTime":1759666876292,"endTime":1759666876292,"status":"failed","message":"Failed to parse private key: Error: Unparsed DER bytes remain after ASN.1 parsing.","name":"C:/Tinedy system/tinedy-app/__tests__/integration/api/bookings-filters.test.ts"},{"assertionResults":[{"ancestorTitles":["API Route Business Logic","Status Update Logic"],"fullName":"API Route Business Logic Status Update Logic should validate status transition from pending to cancelled","status":"passed","title":"should validate status transition from pending to cancelled","duration":2.6916000000001077,"failureMessages":[],"meta":{}},{"ancestorTitles":["API Route Business Logic","Status Update Logic"],"fullName":"API Route Business Logic Status Update Logic should validate status transition from confirmed to cancelled","status":"passed","title":"should validate status transition from confirmed to cancelled","duration":0.42119999999977153,"failureMessages":[],"meta":{}},{"ancestorTitles":["API Route Business Logic","Status Update Logic"],"fullName":"API Route Business Logic Status Update Logic should reject invalid status transition","status":"passed","title":"should reject invalid status transition","duration":0.5151000000005297,"failureMessages":[],"meta":{}},{"ancestorTitles":["API Route Business Logic","Status Update Logic"],"fullName":"API Route Business Logic Status Update Logic should create status history entry","status":"passed","title":"should create status history entry","duration":0.9011000000000422,"failureMessages":[],"meta":{}},{"ancestorTitles":["API Route Business Logic","Authentication & Authorization"],"fullName":"API Route Business Logic Authentication & Authorization should require authentication","status":"passed","title":"should require authentication","duration":0.3058000000000902,"failureMessages":[],"meta":{}},{"ancestorTitles":["API Route Business Logic","Authentication & Authorization"],"fullName":"API Route Business Logic Authentication & Authorization should allow admin to cancel","status":"passed","title":"should allow admin to cancel","duration":0.2650000000003274,"failureMessages":[],"meta":{}},{"ancestorTitles":["API Route Business Logic","Authentication & Authorization"],"fullName":"API Route Business Logic Authentication & Authorization should allow operator to cancel","status":"passed","title":"should allow operator to cancel","duration":0.21699999999964348,"failureMessages":[],"meta":{}},{"ancestorTitles":["API Route Business Logic","Authentication & Authorization"],"fullName":"API Route Business Logic Authentication & Authorization should deny staff from cancelling","status":"passed","title":"should deny staff from cancelling","duration":0.2044000000005326,"failureMessages":[],"meta":{}},{"ancestorTitles":["API Route Business Logic","Authentication & Authorization"],"fullName":"API Route Business Logic Authentication & Authorization should deny viewer from cancelling","status":"passed","title":"should deny viewer from cancelling","duration":0.26569999999992433,"failureMessages":[],"meta":{}},{"ancestorTitles":["API Route Business Logic","Request Validation"],"fullName":"API Route Business Logic Request Validation should validate booking ID format","status":"passed","title":"should validate booking ID format","duration":0.2914999999993597,"failureMessages":[],"meta":{}},{"ancestorTitles":["API Route Business Logic","Request Validation"],"fullName":"API Route Business Logic Request Validation should validate cancellation reason is provided","status":"passed","title":"should validate cancellation reason is provided","duration":0.22260000000005675,"failureMessages":[],"meta":{}},{"ancestorTitles":["API Route Business Logic","Request Validation"],"fullName":"API Route Business Logic Request Validation should accept optional notes","status":"passed","title":"should accept optional notes","duration":0.2584999999999127,"failureMessages":[],"meta":{}},{"ancestorTitles":["API Route Business Logic","Request Validation"],"fullName":"API Route Business Logic Request Validation should handle missing notes gracefully","status":"passed","title":"should handle missing notes gracefully","duration":0.19499999999970896,"failureMessages":[],"meta":{}},{"ancestorTitles":["API Route Business Logic","Response Format"],"fullName":"API Route Business Logic Response Format should return success response format","status":"passed","title":"should return success response format","duration":0.5778000000000247,"failureMessages":[],"meta":{}},{"ancestorTitles":["API Route Business Logic","Response Format"],"fullName":"API Route Business Logic Response Format should return error response format","status":"passed","title":"should return error response format","duration":0.3144000000002052,"failureMessages":[],"meta":{}},{"ancestorTitles":["API Route Business Logic","Response Format"],"fullName":"API Route Business Logic Response Format should include booking data in success response","status":"passed","title":"should include booking data in success response","duration":0.28150000000005093,"failureMessages":[],"meta":{}},{"ancestorTitles":["API Route Business Logic","Data Updates"],"fullName":"API Route Business Logic Data Updates should update booking status","status":"passed","title":"should update booking status","duration":0.20139999999992142,"failureMessages":[],"meta":{}},{"ancestorTitles":["API Route Business Logic","Data Updates"],"fullName":"API Route Business Logic Data Updates should unassign staff on cancellation","status":"passed","title":"should unassign staff on cancellation","duration":0.2004000000006272,"failureMessages":[],"meta":{}},{"ancestorTitles":["API Route Business Logic","Data Updates"],"fullName":"API Route Business Logic Data Updates should set cancellation timestamp","status":"passed","title":"should set cancellation timestamp","duration":0.1687000000001717,"failureMessages":[],"meta":{}},{"ancestorTitles":["API Route Business Logic","Data Updates"],"fullName":"API Route Business Logic Data Updates should record who cancelled","status":"passed","title":"should record who cancelled","duration":0.16740000000027067,"failureMessages":[],"meta":{}},{"ancestorTitles":["API Route Business Logic","Data Updates"],"fullName":"API Route Business Logic Data Updates should preserve booking history","status":"passed","title":"should preserve booking history","duration":1.44170000000031,"failureMessages":[],"meta":{}},{"ancestorTitles":["API Route Business Logic","Error Cases"],"fullName":"API Route Business Logic Error Cases should handle booking not found","status":"passed","title":"should handle booking not found","duration":0.2426999999997861,"failureMessages":[],"meta":{}},{"ancestorTitles":["API Route Business Logic","Error Cases"],"fullName":"API Route Business Logic Error Cases should handle terminal status error","status":"passed","title":"should handle terminal status error","duration":0.2728000000006432,"failureMessages":[],"meta":{}},{"ancestorTitles":["API Route Business Logic","Error Cases"],"fullName":"API Route Business Logic Error Cases should handle unauthorized access","status":"passed","title":"should handle unauthorized access","duration":0.21380000000044674,"failureMessages":[],"meta":{}}],"startTime":1759666888133,"endTime":1759666888145.2727,"status":"passed","message":"","name":"C:/Tinedy system/tinedy-app/app/api/bookings/__tests__/api-logic-simple.test.ts"},{"assertionResults":[],"startTime":1759666876292,"endTime":1759666876292,"status":"failed","message":"Failed to parse private key: Error: Unparsed DER bytes remain after ASN.1 parsing.","name":"C:/Tinedy system/tinedy-app/app/api/bookings/__tests__/search.test.ts"}]}
